<?xml version="1.0" encoding="UTF-8"?>
<testsuite name="etl.AppTest" tests="1" skipped="0" failures="0" errors="0" timestamp="2022-06-07T03:30:44" hostname="MKT-001-123-15" time="0.06">
  <properties/>
  <testcase name="appHasAGreeting()" classname="etl.AppTest" time="0.06"/>
  <system-out><![CDATA[]]></system-out>
  <system-err><![CDATA[]]></system-err>
</testsuite>
