<?xml version="1.0" encoding="UTF-8"?>
<testsuite name="etl.info.CastTest" tests="1" skipped="0" failures="0" errors="0" timestamp="2022-05-18T05:40:33" hostname="ASYS-116-079-18" time="0.372">
  <properties/>
  <testcase name="Dakota Fanning in War of the Worlds" classname="etl.info.CastTest" time="0.372"/>
  <system-out><![CDATA[CastTest
Data2
Film4.java
CSV5
CSV
Film2.java
CSV3
[Ljava.lang.Object;@55cb6996
Film.java
Data4
Film2.java
CSV3
[Ljava.lang.Object;@60f00693
Film.java
Data4
Film2.java
CSV3
[Ljava.lang.Object;@79207381
Film.java
Data4
Film2.java
CSV3
[Ljava.lang.Object;@491b9b8
Film.java
Data4
Film2.java
CSV3
[Ljava.lang.Object;@1a4927d6
Film.java
Data4
Film2.java
CSV3
[Ljava.lang.Object;@7a6d7e92
Film.java
Data4
Film2.java
CSV3
[Ljava.lang.Object;@aba625
Film.java
Data4
Film2.java
CSV3
[Ljava.lang.Object;@97e93f1
Film.java
Data4
Film2.java
CSV3
[Ljava.lang.Object;@5a5a729f
Film.java
Data4
Film2.java
CSV3
[Ljava.lang.Object;@4b520ea8
Film.java
Data4
Film2.java
CSV3
[Ljava.lang.Object;@16150369
Film.java
Data4
Film2.java
CSV3
[Ljava.lang.Object;@6b09fb41
Film.java
Data4
Film2.java
CSV3
[Ljava.lang.Object;@624ea235
Film.java
Data4
Film2.java
CSV3
[Ljava.lang.Object;@3932c79a
Film.java
Data4
Film2.java
CSV3
[Ljava.lang.Object;@782859e
Film.java
Data4
Film2.java
CSV3
[Ljava.lang.Object;@23f5b5dc
Film.java
Data4
Film2.java
CSV3
[Ljava.lang.Object;@821330f
Film.java
Data4
Data2
Actor.java4
CSV5
CSV
Actor.java2
CSV3
[Ljava.lang.Object;@6f15d60e
Actor.java
Data4
Data4
Data4
Actor.java2
CSV3
[Ljava.lang.Object;@5340477f
Actor.java
Data4
Data4
Data4
Actor.java2
CSV3
[Ljava.lang.Object;@47caedad
Actor.java
Data4
Data4
Data4
Actor.java2
CSV3
[Ljava.lang.Object;@7139992f
Actor.java
Data4
Data4
Data4
Actor.java2
CSV3
[Ljava.lang.Object;@69504ae9
Actor.java
Data4
Data4
Data4
Actor.java2
CSV3
[Ljava.lang.Object;@387a8303
Actor.java
Data4
Data4
Data4
Actor.java2
CSV3
[Ljava.lang.Object;@28cda624
Actor.java
Data4
Data4
Data4
Actor.java2
CSV3
[Ljava.lang.Object;@1500b2f3
Actor.java
Data4
Data4
Data4
Actor.java2
CSV3
[Ljava.lang.Object;@7eecb5b8
Actor.java
Data4
Data4
Data4
Actor.java2
CSV3
[Ljava.lang.Object;@126253fd
Actor.java
Data4
Data4
Data4
Actor.java2
CSV3
[Ljava.lang.Object;@57db2b13
Actor.java
Data4
Data4
Data4
Actor.java2
CSV3
[Ljava.lang.Object;@475c9c31
Actor.java
Data4
Data4
Data4
Actor.java2
CSV3
[Ljava.lang.Object;@5c86a017
Actor.java
Data4
Data4
Data4
Actor.java2
CSV3
[Ljava.lang.Object;@5c7bfdc1
Actor.java
Data4
Data4
Data4
Actor.java2
CSV3
[Ljava.lang.Object;@5276d6ee
Actor.java
Data4
Data4
Data4
Actor.java2
CSV3
[Ljava.lang.Object;@71687585
Actor.java
Data4
Data4
Data4
Actor.java2
CSV3
[Ljava.lang.Object;@7fb4f2a9
Actor.java
Data4
Data4
Data4
Actor.java2
CSV3
[Ljava.lang.Object;@4dc27487
Actor.java
Data4
Data4
Data4
Actor.java2
CSV3
[Ljava.lang.Object;@6a4f1a55
Actor.java
Data4
Data4
Data4
Actor.java2
CSV3
[Ljava.lang.Object;@7dfd3c81
Actor.java
Data4
Data4
Data4
Data2
Cast.java3
CSV5
CSV
Cast.java2
CSV3
[Ljava.lang.Object;@626abbd0
Cast.java
Cast.java2
CSV3
[Ljava.lang.Object;@46d59067
Cast.java
Cast.java2
CSV3
[Ljava.lang.Object;@2d0399f4
Cast.java
Cast.java2
CSV3
[Ljava.lang.Object;@14dd7b39
Cast.java
Cast.java2
CSV3
[Ljava.lang.Object;@66ea810
Cast.java
Cast.java2
CSV3
[Ljava.lang.Object;@6cd24612
Cast.java
Cast.java2
CSV3
[Ljava.lang.Object;@5dafbe45
Cast.java
Cast.java2
CSV3
[Ljava.lang.Object;@2254127a
Cast.java
Cast.java2
CSV3
[Ljava.lang.Object;@51891008
Cast.java
Cast.java2
CSV3
[Ljava.lang.Object;@2f953efd
Cast.java
Cast.java2
CSV3
[Ljava.lang.Object;@f68f0dc
Cast.java
Cast.java2
CSV3
[Ljava.lang.Object;@d2de489
Cast.java
Cast.java2
CSV3
[Ljava.lang.Object;@14bdbc74
Cast.java
Cast.java2
CSV3
[Ljava.lang.Object;@12591ac8
Cast.java
Cast.java2
CSV3
[Ljava.lang.Object;@5a7fe64f
Cast.java
Cast.java2
CSV3
[Ljava.lang.Object;@38145825
Cast.java
Cast.java2
CSV3
[Ljava.lang.Object;@3e0e1046
Cast.java
Cast.java2
CSV3
[Ljava.lang.Object;@24c1b2d2
Cast.java
Cast.java2
CSV3
[Ljava.lang.Object;@7dc19a70
Cast.java
Cast.java2
CSV3
[Ljava.lang.Object;@508dec2b
Cast.java
Cast.java2
CSV3
[Ljava.lang.Object;@1e4f4a5c
Cast.java
Cast.java2
CSV3
[Ljava.lang.Object;@37313c65
Cast.java
Cast.java2
CSV3
[Ljava.lang.Object;@465232e9
Cast.java
Cast.java2
CSV3
[Ljava.lang.Object;@798162bc
Cast.java
Cast.java2
CSV3
[Ljava.lang.Object;@1df8da7a
Cast.java
Cast.java2
CSV3
[Ljava.lang.Object;@23941fb4
Cast.java
Cast.java2
CSV3
[Ljava.lang.Object;@7486b455
Cast.java
Cast.java2
CSV3
[Ljava.lang.Object;@660acfb
Cast.java
Cast.java2
CSV3
[Ljava.lang.Object;@5d908d47
Cast.java
Cast.java2
CSV3
[Ljava.lang.Object;@5efa40fe
Cast.java
Cast.java2
CSV3
[Ljava.lang.Object;@1f9f6368
Cast.java
Cast.java2
CSV3
[Ljava.lang.Object;@1c9b0314
Cast.java
Cast.java2
CSV3
[Ljava.lang.Object;@45385f75
Cast.java
Cast.java2
CSV3
[Ljava.lang.Object;@49c90a9c
Cast.java
Cast.java2
CSV3
[Ljava.lang.Object;@2d29b4ee
Cast.java
]]></system-out>
  <system-err><![CDATA[]]></system-err>
</testsuite>
